<?xml version="1.0" encoding="UTF-8"?>
<!-- Generated by org.testng.reporters.JUnitXMLReporter -->
<testsuite ignored="0" hostname="LAPTOP-ER1I82SI" failures="0" tests="5" name="Default test" time="7.309" errors="0" timestamp="2023-07-04T14:05:15 IST">
  <testcase classname="testsuites.TestNewOpp" name="excelread" time="0.422"/>
  <testcase classname="testsuites.TestNewOpp" name="excelread" time="0.211"/>
  <testcase classname="testsuites.TestNewOpp" name="excelread" time="0.497"/>
  <testcase classname="testsuites.TestNewOpp" name="excelread" time="0.388"/>
  <testcase classname="testsuites.TestNewOpp" name="excelread" time="0.12"/>
</testsuite> <!-- Default test -->
